The system is: Windows - 10.0.19044 - AMD64
Compiling the C compiler identification source file "CMakeCCompilerId.c" succeeded.
Compiler: C:/Program Files/Microsoft Visual Studio/2022/Community/VC/Tools/MSVC/14.32.31326/bin/Hostx86/x86/cl.exe 
Build flags: 
Id flags:  

The output was:
0
Microsoft (R) Kompilator optymalizujący C/C++, wersja 19.32.31332 dla architektury x86
Copyright (C) Microsoft Corporation. Wszystkie prawa zastrzeżone.

CMakeCCompilerId.c
Microsoft (R) Incremental Linker Version 14.32.31332.0
Copyright (C) Microsoft Corporation.  All rights reserved.

/out:CMakeCCompilerId.exe 
CMakeCCompilerId.obj 


Compilation of the C compiler identification source "CMakeCCompilerId.c" produced "CMakeCCompilerId.exe"

Compilation of the C compiler identification source "CMakeCCompilerId.c" produced "CMakeCCompilerId.obj"

The C compiler identification is MSVC, found in "C:/Users/creaz/CLionProjects/ProjektPociagi/cmake-build-debug/CMakeFiles/3.24.2/CompilerIdC/CMakeCCompilerId.exe"

Compiling the CXX compiler identification source file "CMakeCXXCompilerId.cpp" succeeded.
Compiler: C:/Program Files/Microsoft Visual Studio/2022/Community/VC/Tools/MSVC/14.32.31326/bin/Hostx86/x86/cl.exe 
Build flags: 
Id flags:  

The output was:
0
Microsoft (R) Kompilator optymalizujący C/C++, wersja 19.32.31332 dla architektury x86
Copyright (C) Microsoft Corporation. Wszystkie prawa zastrzeżone.

CMakeCXXCompilerId.cpp
Microsoft (R) Incremental Linker Version 14.32.31332.0
Copyright (C) Microsoft Corporation.  All rights reserved.

/out:CMakeCXXCompilerId.exe 
CMakeCXXCompilerId.obj 


Compilation of the CXX compiler identification source "CMakeCXXCompilerId.cpp" produced "CMakeCXXCompilerId.exe"

Compilation of the CXX compiler identification source "CMakeCXXCompilerId.cpp" produced "CMakeCXXCompilerId.obj"

The CXX compiler identification is MSVC, found in "C:/Users/creaz/CLionProjects/ProjektPociagi/cmake-build-debug/CMakeFiles/3.24.2/CompilerIdCXX/CMakeCXXCompilerId.exe"

Detecting C compiler ABI info compiled with the following output:
Change Dir: C:/Users/creaz/CLionProjects/ProjektPociagi/cmake-build-debug/CMakeFiles/CMakeTmp

Run Build Command(s):nmake -f Makefile /nologo cmTC_9f617\fast && 	"C:\Program Files\Microsoft Visual Studio\2022\Community\VC\Tools\MSVC\14.32.31326\bin\HostX86\x86\nmake.exe"  -f CMakeFiles\cmTC_9f617.dir\build.make /nologo -L                  CMakeFiles\cmTC_9f617.dir\build
Building C object CMakeFiles/cmTC_9f617.dir/CMakeCCompilerABI.c.obj
	"K:\Clion\CLion 2022.3.1\bin\cmake\win\bin\cmake.exe" -E cmake_cl_compile_depends --dep-file=CMakeFiles\cmTC_9f617.dir\CMakeCCompilerABI.c.obj.d --working-dir=C:\Users\creaz\CLionProjects\ProjektPociagi\cmake-build-debug\CMakeFiles\CMakeTmp --filter-prefix="Uwaga: w tym pliku:  " -- C:\PROGRA~1\MICROS~4\2022\COMMUN~1\VC\Tools\MSVC\1432~1.313\bin\Hostx86\x86\cl.exe @C:\Users\creaz\AppData\Local\Temp\nmCEBF.tmp
CMakeCCompilerABI.c
Linking C executable cmTC_9f617.exe
	"K:\Clion\CLion 2022.3.1\bin\cmake\win\bin\cmake.exe" -E vs_link_exe --intdir=CMakeFiles\cmTC_9f617.dir --rc=C:\PROGRA~2\WI3CF2~1\10\bin\100190~1.0\x86\rc.exe --mt=C:\PROGRA~2\WI3CF2~1\10\bin\100190~1.0\x86\mt.exe --manifests -- C:\PROGRA~1\MICROS~4\2022\COMMUN~1\VC\Tools\MSVC\1432~1.313\bin\Hostx86\x86\link.exe /nologo @CMakeFiles\cmTC_9f617.dir\objects1.rsp @C:\Users\creaz\AppData\Local\Temp\nmCF2D.tmp



Detecting CXX compiler ABI info compiled with the following output:
Change Dir: C:/Users/creaz/CLionProjects/ProjektPociagi/cmake-build-debug/CMakeFiles/CMakeTmp

Run Build Command(s):nmake -f Makefile /nologo cmTC_d6e8b\fast && 	"C:\Program Files\Microsoft Visual Studio\2022\Community\VC\Tools\MSVC\14.32.31326\bin\HostX86\x86\nmake.exe"  -f CMakeFiles\cmTC_d6e8b.dir\build.make /nologo -L                  CMakeFiles\cmTC_d6e8b.dir\build
Building CXX object CMakeFiles/cmTC_d6e8b.dir/CMakeCXXCompilerABI.cpp.obj
	"K:\Clion\CLion 2022.3.1\bin\cmake\win\bin\cmake.exe" -E cmake_cl_compile_depends --dep-file=CMakeFiles\cmTC_d6e8b.dir\CMakeCXXCompilerABI.cpp.obj.d --working-dir=C:\Users\creaz\CLionProjects\ProjektPociagi\cmake-build-debug\CMakeFiles\CMakeTmp --filter-prefix="Uwaga: w tym pliku:  " -- C:\PROGRA~1\MICROS~4\2022\COMMUN~1\VC\Tools\MSVC\1432~1.313\bin\Hostx86\x86\cl.exe @C:\Users\creaz\AppData\Local\Temp\nmD259.tmp
CMakeCXXCompilerABI.cpp
Linking CXX executable cmTC_d6e8b.exe
	"K:\Clion\CLion 2022.3.1\bin\cmake\win\bin\cmake.exe" -E vs_link_exe --intdir=CMakeFiles\cmTC_d6e8b.dir --rc=C:\PROGRA~2\WI3CF2~1\10\bin\100190~1.0\x86\rc.exe --mt=C:\PROGRA~2\WI3CF2~1\10\bin\100190~1.0\x86\mt.exe --manifests -- C:\PROGRA~1\MICROS~4\2022\COMMUN~1\VC\Tools\MSVC\1432~1.313\bin\Hostx86\x86\link.exe /nologo @CMakeFiles\cmTC_d6e8b.dir\objects1.rsp @C:\Users\creaz\AppData\Local\Temp\nmD2D7.tmp



